=== 模擬器啟動時間: 2026-06-07 18:43:23 ===
[2026-06-07 18:43:26] ============================================================
[2026-06-07 18:43:26] 🎯 iPhone GPS 模擬器 v17.0 - 模組化重構版 (完整版)
[2026-06-07 18:43:26] ============================================================
[2026-06-07 18:43:26] ✅ 修復：阻絕競態條件造成的橡皮筋拉回現象
[2026-06-07 18:43:26] 💡 請按 F12 打開瀏覽器控制台查看詳細日誌
[2026-06-07 18:43:27] ⚡ 開始自動連線流程 (等待 tunneld 就緒...)
[2026-06-07 18:43:27] 🚀 啟動 tunneld...
[2026-06-07 18:43:27] ✅ tunneld 已啟動
[2026-06-07 18:43:28] 🌐 地圖已自動開啟
[2026-06-07 18:43:35] 🗖 地圖視窗已最大化
[2026-06-07 18:43:58] ❌ 等待 tunneld 就緒逾時，嘗試重連...
[2026-06-07 18:43:58] 🔍 tunneld 仍在執行，嘗試透過 start-tunnel 偵測 RSD...
[2026-06-07 18:43:58] ℹ WiFi 模式略過 DDI 掛載，直接偵測 RSD
[2026-06-07 18:43:58] 🔍 偵測 RSD...
[2026-06-07 18:43:58] ⏳ WiFi 模式：等待 20 秒讓 tunneld 完整掃描...
[2026-06-07 18:44:17] [tunneld] [32m2026-06-07 18:44:17[0m [35mDESKTOP-8VHSL29[0m [34mpymobiledevice3.tunneld.server[15560][0m [1;30mINFO[0m [start-tunnel-task-usbmux-00008030-000E602401E8802E-USB] Created tunnel --rsd fd5d:de59:4a7::1 62450
[2026-06-07 18:44:17] ✅ RSD: fd5d:de59:4a7::1:62450
[2026-06-07 18:44:18] [tunneld] [32m2026-06-07 18:44:18[0m [35mDESKTOP-8VHSL29[0m [34mpymobiledevice3.tunneld.server[15560][0m [1;30mINFO[0m Disconnected from tunnel --rsd fd5d:de59:4a7::1 62450
[2026-06-07 18:44:22] ⚠ 無法從 usbmux 取得 UDID，改用預設裝置
[2026-06-07 18:44:22] ❌ 偵測失敗: WiFi 模式目前需先接上 USB 以建立可用 tunnel（未偵測到 USB 裝置）
[2026-06-07 18:44:22] ⏳ 自動連線失敗，5 秒後進行第 1/3 次重試...
[2026-06-07 18:44:27] ⚡ 開始自動連線流程 (等待 tunneld 就緒...)
[2026-06-07 18:44:27] ⚠ tunneld 已在執行
[2026-06-07 18:44:57] ❌ 等待 tunneld 就緒逾時，嘗試重連...
[2026-06-07 18:44:57] 🔍 tunneld 仍在執行，嘗試透過 start-tunnel 偵測 RSD...
[2026-06-07 18:44:57] ℹ WiFi 模式略過 DDI 掛載，直接偵測 RSD
[2026-06-07 18:44:58] 🔍 偵測 RSD...
[2026-06-07 18:44:58] ⏳ WiFi 模式：等待 20 秒讓 tunneld 完整掃描...
[2026-06-07 18:45:23] ⚠ 無法從 usbmux 取得 UDID，改用預設裝置
[2026-06-07 18:45:23] ❌ 偵測失敗: WiFi 模式目前需先接上 USB 以建立可用 tunnel（未偵測到 USB 裝置）
[2026-06-07 18:45:23] ⏳ 自動連線失敗，5 秒後進行第 2/3 次重試...
[2026-06-07 18:45:28] ⚡ 開始自動連線流程 (等待 tunneld 就緒...)
[2026-06-07 18:45:28] ⚠ tunneld 已在執行
[2026-06-07 18:45:38] [tunneld] [32m2026-06-07 18:45:38[0m [35mDESKTOP-8VHSL29[0m [34mpymobiledevice3.tunneld.server[15560][0m [1;30mINFO[0m [start-tunnel-task-usbmux-00008030-000E602401E8802E-USB] Created tunnel --rsd fd5d:a4a8:7f5f::1 62451
[2026-06-07 18:45:39] ✅ RSD: fd5d:a4a8:7f5f::1:62451
[2026-06-07 18:45:39] ⚡ tunneld 已就緒，準備進行下一步...
[2026-06-07 18:45:39] ℹ WiFi 模式略過 DDI 掛載，直接偵測 RSD
[2026-06-07 18:45:39] ℹ RSD 已填入: fd5d:a4a8:7f5f::1:62451
[2026-06-07 18:45:39] ✅ 自動連線與偵測全部完成！
[2026-06-07 18:46:57] 🧭 路線點: 1 個，途經點: 0 個
[2026-06-07 18:47:03] 🔖 已收藏地點: test (24.815214, 120.959709)
=== 模擬器啟動時間: 2026-06-07 18:47:18 ===
[2026-06-07 18:47:20] ============================================================
[2026-06-07 18:47:20] 🎯 iPhone GPS 模擬器 v17.0 - 模組化重構版 (完整版)
[2026-06-07 18:47:20] ============================================================
[2026-06-07 18:47:20] ✅ 修復：阻絕競態條件造成的橡皮筋拉回現象
[2026-06-07 18:47:20] 💡 請按 F12 打開瀏覽器控制台查看詳細日誌
[2026-06-07 18:47:21] ⚡ 開始自動連線流程 (等待 tunneld 就緒...)
[2026-06-07 18:47:21] 🧹 已清除占用 49151 端口的舊進程 (PID: 15560)
[2026-06-07 18:47:22] 🚀 啟動 tunneld...
[2026-06-07 18:47:23] 🌐 地圖已自動開啟
[2026-06-07 18:47:23] ✅ tunneld 已啟動
[2026-06-07 18:47:26] 🗖 地圖視窗已最大化
[2026-06-07 18:47:32] 🗑️ 已刪除地點收藏: [2026-06-07 18:47:03] test (緯度: 24.815214, 經度: 120.959709)
[2026-06-07 18:47:33] [tunneld] [32m2026-06-07 18:47:33[0m [35mDESKTOP-8VHSL29[0m [34mpymobiledevice3.tunneld.server[3348][0m [1;30mINFO[0m [start-tunnel-task-usbmux-00008030-000E602401E8802E-USB] Created tunnel --rsd fd46:da0f:9a96::1 62452
[2026-06-07 18:47:33] ✅ RSD: fd46:da0f:9a96::1:62452
[2026-06-07 18:47:33] ⚡ tunneld 已就緒，準備進行下一步...
[2026-06-07 18:47:33] ℹ WiFi 模式略過 DDI 掛載，直接偵測 RSD
[2026-06-07 18:47:33] ℹ RSD 已填入: fd46:da0f:9a96::1:62452
[2026-06-07 18:47:33] ✅ 自動連線與偵測全部完成！
=== 模擬器啟動時間: 2026-06-07 18:47:51 ===
[2026-06-07 18:47:54] ============================================================
[2026-06-07 18:47:54] 🎯 iPhone GPS 模擬器 v17.0 - 模組化重構版 (完整版)
[2026-06-07 18:47:54] ============================================================
[2026-06-07 18:47:54] ✅ 修復：阻絕競態條件造成的橡皮筋拉回現象
[2026-06-07 18:47:54] 💡 請按 F12 打開瀏覽器控制台查看詳細日誌
[2026-06-07 18:47:55] ⚡ 開始自動連線流程 (等待 tunneld 就緒...)
[2026-06-07 18:47:55] 🧹 已清除占用 49151 端口的舊進程 (PID: 3348)
[2026-06-07 18:47:56] 🚀 啟動 tunneld...
[2026-06-07 18:47:56] 🌐 地圖已自動開啟
[2026-06-07 18:47:56] ✅ tunneld 已啟動
[2026-06-07 18:47:59] 🗖 地圖視窗已最大化
[2026-06-07 18:48:03] [tunneld] [32m2026-06-07 18:48:03[0m [35mDESKTOP-8VHSL29[0m [34mpymobiledevice3.tunneld.server[15456][0m [1;30mINFO[0m [start-tunnel-task-usbmux-00008030-000E602401E8802E-USB] Created tunnel --rsd fd9d:2fc1:c884::1 62453
[2026-06-07 18:48:04] ✅ RSD: fd9d:2fc1:c884::1:62453
[2026-06-07 18:48:05] ⚡ tunneld 已就緒，準備進行下一步...
[2026-06-07 18:48:05] ℹ WiFi 模式略過 DDI 掛載，直接偵測 RSD
[2026-06-07 18:48:05] ℹ RSD 已填入: fd9d:2fc1:c884::1:62453
[2026-06-07 18:48:05] ✅ 自動連線與偵測全部完成！
